<?xml version="1.0" encoding="UTF-8"?>
<testsuite xmlns:xsi="http://www.w3.org/2001/XMLSchema-instance" xsi:noNamespaceSchemaLocation="https://maven.apache.org/surefire/maven-surefire-plugin/xsd/surefire-test-report-3.0.xsd" version="3.0" name="com.example.ticonetgamesserver.TicoNetGamesServerApplicationTests" time="7.395" tests="1" errors="0" skipped="0" failures="0">
  <properties>
    <property name="java.specification.version" value="20"/>
    <property name="sun.jnu.encoding" value="UTF-8"/>
    <property name="java.class.path" value="/home/claudio/Desktop/PROYECTOS PERSONALES FULLSTACK/TICO NET GAMES APP/TicoNetGamesServer/target/test-classes:/home/claudio/Desktop/PROYECTOS PERSONALES FULLSTACK/TICO NET GAMES APP/TicoNetGamesServer/target/classes:/home/claudio/.m2/repository/org/springframework/boot/spring-boot-starter-data-mongodb/2.6.4/spring-boot-starter-data-mongodb-2.6.4.jar:/home/claudio/.m2/repository/org/springframework/boot/spring-boot-starter/2.6.4/spring-boot-starter-2.6.4.jar:/home/claudio/.m2/repository/org/springframework/boot/spring-boot-starter-logging/2.6.4/spring-boot-starter-logging-2.6.4.jar:/home/claudio/.m2/repository/ch/qos/logback/logback-classic/1.2.10/logback-classic-1.2.10.jar:/home/claudio/.m2/repository/ch/qos/logback/logback-core/1.2.10/logback-core-1.2.10.jar:/home/claudio/.m2/repository/org/apache/logging/log4j/log4j-to-slf4j/2.17.1/log4j-to-slf4j-2.17.1.jar:/home/claudio/.m2/repository/org/apache/logging/log4j/log4j-api/2.17.1/log4j-api-2.17.1.jar:/home/claudio/.m2/repository/org/slf4j/jul-to-slf4j/1.7.36/jul-to-slf4j-1.7.36.jar:/home/claudio/.m2/repository/jakarta/annotation/jakarta.annotation-api/1.3.5/jakarta.annotation-api-1.3.5.jar:/home/claudio/.m2/repository/org/yaml/snakeyaml/1.29/snakeyaml-1.29.jar:/home/claudio/.m2/repository/org/mongodb/mongodb-driver-sync/4.4.2/mongodb-driver-sync-4.4.2.jar:/home/claudio/.m2/repository/org/mongodb/bson/4.4.2/bson-4.4.2.jar:/home/claudio/.m2/repository/org/mongodb/mongodb-driver-core/4.4.2/mongodb-driver-core-4.4.2.jar:/home/claudio/.m2/repository/org/springframework/data/spring-data-mongodb/3.3.2/spring-data-mongodb-3.3.2.jar:/home/claudio/.m2/repository/org/springframework/spring-tx/5.3.16/spring-tx-5.3.16.jar:/home/claudio/.m2/repository/org/springframework/spring-context/5.3.16/spring-context-5.3.16.jar:/home/claudio/.m2/repository/org/springframework/spring-beans/5.3.16/spring-beans-5.3.16.jar:/home/claudio/.m2/repository/org/springframework/spring-expression/5.3.16/spring-expression-5.3.16.jar:/home/claudio/.m2/repository/org/springframework/data/spring-data-commons/2.6.2/spring-data-commons-2.6.2.jar:/home/claudio/.m2/repository/org/slf4j/slf4j-api/1.7.36/slf4j-api-1.7.36.jar:/home/claudio/.m2/repository/org/springdoc/springdoc-openapi-starter-webmvc-ui/2.3.0/springdoc-openapi-starter-webmvc-ui-2.3.0.jar:/home/claudio/.m2/repository/org/springdoc/springdoc-openapi-starter-webmvc-api/2.3.0/springdoc-openapi-starter-webmvc-api-2.3.0.jar:/home/claudio/.m2/repository/org/springdoc/springdoc-openapi-starter-common/2.3.0/springdoc-openapi-starter-common-2.3.0.jar:/home/claudio/.m2/repository/io/swagger/core/v3/swagger-core-jakarta/2.2.19/swagger-core-jakarta-2.2.19.jar:/home/claudio/.m2/repository/org/apache/commons/commons-lang3/3.12.0/commons-lang3-3.12.0.jar:/home/claudio/.m2/repository/io/swagger/core/v3/swagger-annotations-jakarta/2.2.19/swagger-annotations-jakarta-2.2.19.jar:/home/claudio/.m2/repository/io/swagger/core/v3/swagger-models-jakarta/2.2.19/swagger-models-jakarta-2.2.19.jar:/home/claudio/.m2/repository/jakarta/validation/jakarta.validation-api/2.0.2/jakarta.validation-api-2.0.2.jar:/home/claudio/.m2/repository/com/fasterxml/jackson/dataformat/jackson-dataformat-yaml/2.13.1/jackson-dataformat-yaml-2.13.1.jar:/home/claudio/.m2/repository/org/webjars/swagger-ui/5.10.3/swagger-ui-5.10.3.jar:/home/claudio/.m2/repository/org/springframework/boot/spring-boot-starter-thymeleaf/2.6.4/spring-boot-starter-thymeleaf-2.6.4.jar:/home/claudio/.m2/repository/org/thymeleaf/thymeleaf-spring5/3.0.15.RELEASE/thymeleaf-spring5-3.0.15.RELEASE.jar:/home/claudio/.m2/repository/org/thymeleaf/thymeleaf/3.0.15.RELEASE/thymeleaf-3.0.15.RELEASE.jar:/home/claudio/.m2/repository/org/attoparser/attoparser/2.0.5.RELEASE/attoparser-2.0.5.RELEASE.jar:/home/claudio/.m2/repository/org/unbescape/unbescape/1.1.6.RELEASE/unbescape-1.1.6.RELEASE.jar:/home/claudio/.m2/repository/org/thymeleaf/extras/thymeleaf-extras-java8time/3.0.4.RELEASE/thymeleaf-extras-java8time-3.0.4.RELEASE.jar:/home/claudio/.m2/repository/org/springframework/boot/spring-boot-starter-actuator/2.6.4/spring-boot-starter-actuator-2.6.4.jar:/home/claudio/.m2/repository/org/springframework/boot/spring-boot-actuator-autoconfigure/2.6.4/spring-boot-actuator-autoconfigure-2.6.4.jar:/home/claudio/.m2/repository/org/springframework/boot/spring-boot-actuator/2.6.4/spring-boot-actuator-2.6.4.jar:/home/claudio/.m2/repository/com/fasterxml/jackson/datatype/jackson-datatype-jsr310/2.13.1/jackson-datatype-jsr310-2.13.1.jar:/home/claudio/.m2/repository/io/micrometer/micrometer-core/1.8.3/micrometer-core-1.8.3.jar:/home/claudio/.m2/repository/org/hdrhistogram/HdrHistogram/2.1.12/HdrHistogram-2.1.12.jar:/home/claudio/.m2/repository/org/latencyutils/LatencyUtils/2.0.3/LatencyUtils-2.0.3.jar:/home/claudio/.m2/repository/org/springframework/boot/spring-boot-starter-web/2.6.4/spring-boot-starter-web-2.6.4.jar:/home/claudio/.m2/repository/org/springframework/boot/spring-boot-starter-json/2.6.4/spring-boot-starter-json-2.6.4.jar:/home/claudio/.m2/repository/com/fasterxml/jackson/datatype/jackson-datatype-jdk8/2.13.1/jackson-datatype-jdk8-2.13.1.jar:/home/claudio/.m2/repository/com/fasterxml/jackson/module/jackson-module-parameter-names/2.13.1/jackson-module-parameter-names-2.13.1.jar:/home/claudio/.m2/repository/org/springframework/boot/spring-boot-starter-tomcat/2.6.4/spring-boot-starter-tomcat-2.6.4.jar:/home/claudio/.m2/repository/org/apache/tomcat/embed/tomcat-embed-core/9.0.58/tomcat-embed-core-9.0.58.jar:/home/claudio/.m2/repository/org/apache/tomcat/embed/tomcat-embed-el/9.0.58/tomcat-embed-el-9.0.58.jar:/home/claudio/.m2/repository/org/apache/tomcat/embed/tomcat-embed-websocket/9.0.58/tomcat-embed-websocket-9.0.58.jar:/home/claudio/.m2/repository/org/springframework/spring-web/5.3.16/spring-web-5.3.16.jar:/home/claudio/.m2/repository/org/springframework/spring-webmvc/5.3.16/spring-webmvc-5.3.16.jar:/home/claudio/.m2/repository/com/auth0/java-jwt/4.4.0/java-jwt-4.4.0.jar:/home/claudio/.m2/repository/com/fasterxml/jackson/core/jackson-databind/2.13.1/jackson-databind-2.13.1.jar:/home/claudio/.m2/repository/com/fasterxml/jackson/core/jackson-annotations/2.13.1/jackson-annotations-2.13.1.jar:/home/claudio/.m2/repository/com/fasterxml/jackson/core/jackson-core/2.13.1/jackson-core-2.13.1.jar:/home/claudio/.m2/repository/org/springframework/boot/spring-boot-starter-security/3.2.8/spring-boot-starter-security-3.2.8.jar:/home/claudio/.m2/repository/org/springframework/spring-aop/5.3.16/spring-aop-5.3.16.jar:/home/claudio/.m2/repository/org/springframework/security/spring-security-config/5.6.2/spring-security-config-5.6.2.jar:/home/claudio/.m2/repository/org/springframework/security/spring-security-core/5.6.2/spring-security-core-5.6.2.jar:/home/claudio/.m2/repository/org/springframework/security/spring-security-crypto/5.6.2/spring-security-crypto-5.6.2.jar:/home/claudio/.m2/repository/org/springframework/security/spring-security-web/5.6.2/spring-security-web-5.6.2.jar:/home/claudio/.m2/repository/io/jsonwebtoken/jjwt-api/0.11.5/jjwt-api-0.11.5.jar:/home/claudio/.m2/repository/io/jsonwebtoken/jjwt-impl/0.11.5/jjwt-impl-0.11.5.jar:/home/claudio/.m2/repository/io/jsonwebtoken/jjwt-jackson/0.11.5/jjwt-jackson-0.11.5.jar:/home/claudio/.m2/repository/javax/xml/bind/jaxb-api/2.4.0-b180830.0359/jaxb-api-2.4.0-b180830.0359.jar:/home/claudio/.m2/repository/javax/activation/javax.activation-api/1.2.0/javax.activation-api-1.2.0.jar:/home/claudio/.m2/repository/org/springframework/boot/spring-boot-devtools/2.6.4/spring-boot-devtools-2.6.4.jar:/home/claudio/.m2/repository/org/springframework/boot/spring-boot/2.6.4/spring-boot-2.6.4.jar:/home/claudio/.m2/repository/org/springframework/boot/spring-boot-autoconfigure/2.6.4/spring-boot-autoconfigure-2.6.4.jar:/home/claudio/.m2/repository/org/projectlombok/lombok/1.18.22/lombok-1.18.22.jar:/home/claudio/.m2/repository/org/springframework/boot/spring-boot-starter-test/2.6.4/spring-boot-starter-test-2.6.4.jar:/home/claudio/.m2/repository/org/springframework/boot/spring-boot-test/2.6.4/spring-boot-test-2.6.4.jar:/home/claudio/.m2/repository/org/springframework/boot/spring-boot-test-autoconfigure/2.6.4/spring-boot-test-autoconfigure-2.6.4.jar:/home/claudio/.m2/repository/com/jayway/jsonpath/json-path/2.6.0/json-path-2.6.0.jar:/home/claudio/.m2/repository/net/minidev/json-smart/2.4.8/json-smart-2.4.8.jar:/home/claudio/.m2/repository/net/minidev/accessors-smart/2.4.8/accessors-smart-2.4.8.jar:/home/claudio/.m2/repository/org/ow2/asm/asm/9.1/asm-9.1.jar:/home/claudio/.m2/repository/jakarta/xml/bind/jakarta.xml.bind-api/2.3.3/jakarta.xml.bind-api-2.3.3.jar:/home/claudio/.m2/repository/jakarta/activation/jakarta.activation-api/1.2.2/jakarta.activation-api-1.2.2.jar:/home/claudio/.m2/repository/org/assertj/assertj-core/3.21.0/assertj-core-3.21.0.jar:/home/claudio/.m2/repository/org/hamcrest/hamcrest/2.2/hamcrest-2.2.jar:/home/claudio/.m2/repository/org/junit/jupiter/junit-jupiter/5.8.2/junit-jupiter-5.8.2.jar:/home/claudio/.m2/repository/org/junit/jupiter/junit-jupiter-api/5.8.2/junit-jupiter-api-5.8.2.jar:/home/claudio/.m2/repository/org/opentest4j/opentest4j/1.2.0/opentest4j-1.2.0.jar:/home/claudio/.m2/repository/org/junit/platform/junit-platform-commons/1.8.2/junit-platform-commons-1.8.2.jar:/home/claudio/.m2/repository/org/apiguardian/apiguardian-api/1.1.2/apiguardian-api-1.1.2.jar:/home/claudio/.m2/repository/org/junit/jupiter/junit-jupiter-params/5.8.2/junit-jupiter-params-5.8.2.jar:/home/claudio/.m2/repository/org/junit/jupiter/junit-jupiter-engine/5.8.2/junit-jupiter-engine-5.8.2.jar:/home/claudio/.m2/repository/org/junit/platform/junit-platform-engine/1.8.2/junit-platform-engine-1.8.2.jar:/home/claudio/.m2/repository/org/mockito/mockito-core/4.0.0/mockito-core-4.0.0.jar:/home/claudio/.m2/repository/net/bytebuddy/byte-buddy/1.11.22/byte-buddy-1.11.22.jar:/home/claudio/.m2/repository/net/bytebuddy/byte-buddy-agent/1.11.22/byte-buddy-agent-1.11.22.jar:/home/claudio/.m2/repository/org/objenesis/objenesis/3.2/objenesis-3.2.jar:/home/claudio/.m2/repository/org/mockito/mockito-junit-jupiter/4.0.0/mockito-junit-jupiter-4.0.0.jar:/home/claudio/.m2/repository/org/skyscreamer/jsonassert/1.5.0/jsonassert-1.5.0.jar:/home/claudio/.m2/repository/com/vaadin/external/google/android-json/0.0.20131108.vaadin1/android-json-0.0.20131108.vaadin1.jar:/home/claudio/.m2/repository/org/springframework/spring-core/5.3.16/spring-core-5.3.16.jar:/home/claudio/.m2/repository/org/springframework/spring-jcl/5.3.16/spring-jcl-5.3.16.jar:/home/claudio/.m2/repository/org/springframework/spring-test/5.3.16/spring-test-5.3.16.jar:/home/claudio/.m2/repository/org/xmlunit/xmlunit-core/2.8.4/xmlunit-core-2.8.4.jar:"/>
    <property name="java.vm.vendor" value="Oracle Corporation"/>
    <property name="sun.arch.data.model" value="64"/>
    <property name="java.vendor.url" value="https://java.oracle.com/"/>
    <property name="user.timezone" value="America/Costa_Rica"/>
    <property name="os.name" value="Linux"/>
    <property name="java.vm.specification.version" value="20"/>
    <property name="sun.java.launcher" value="SUN_STANDARD"/>
    <property name="user.country" value="US"/>
    <property name="sun.boot.library.path" value="/home/claudio/.jdks/openjdk-20.0.1/lib"/>
    <property name="sun.java.command" value="/home/claudio/Desktop/PROYECTOS PERSONALES FULLSTACK/TICO NET GAMES APP/TicoNetGamesServer/target/surefire/surefirebooter-20240903133639437_3.jar /home/claudio/Desktop/PROYECTOS PERSONALES FULLSTACK/TICO NET GAMES APP/TicoNetGamesServer/target/surefire 2024-09-03T13-36-39_349-jvmRun1 surefire-20240903133639437_1tmp surefire_0-20240903133639437_2tmp"/>
    <property name="jdk.debug" value="release"/>
    <property name="surefire.test.class.path" value="/home/claudio/Desktop/PROYECTOS PERSONALES FULLSTACK/TICO NET GAMES APP/TicoNetGamesServer/target/test-classes:/home/claudio/Desktop/PROYECTOS PERSONALES FULLSTACK/TICO NET GAMES APP/TicoNetGamesServer/target/classes:/home/claudio/.m2/repository/org/springframework/boot/spring-boot-starter-data-mongodb/2.6.4/spring-boot-starter-data-mongodb-2.6.4.jar:/home/claudio/.m2/repository/org/springframework/boot/spring-boot-starter/2.6.4/spring-boot-starter-2.6.4.jar:/home/claudio/.m2/repository/org/springframework/boot/spring-boot-starter-logging/2.6.4/spring-boot-starter-logging-2.6.4.jar:/home/claudio/.m2/repository/ch/qos/logback/logback-classic/1.2.10/logback-classic-1.2.10.jar:/home/claudio/.m2/repository/ch/qos/logback/logback-core/1.2.10/logback-core-1.2.10.jar:/home/claudio/.m2/repository/org/apache/logging/log4j/log4j-to-slf4j/2.17.1/log4j-to-slf4j-2.17.1.jar:/home/claudio/.m2/repository/org/apache/logging/log4j/log4j-api/2.17.1/log4j-api-2.17.1.jar:/home/claudio/.m2/repository/org/slf4j/jul-to-slf4j/1.7.36/jul-to-slf4j-1.7.36.jar:/home/claudio/.m2/repository/jakarta/annotation/jakarta.annotation-api/1.3.5/jakarta.annotation-api-1.3.5.jar:/home/claudio/.m2/repository/org/yaml/snakeyaml/1.29/snakeyaml-1.29.jar:/home/claudio/.m2/repository/org/mongodb/mongodb-driver-sync/4.4.2/mongodb-driver-sync-4.4.2.jar:/home/claudio/.m2/repository/org/mongodb/bson/4.4.2/bson-4.4.2.jar:/home/claudio/.m2/repository/org/mongodb/mongodb-driver-core/4.4.2/mongodb-driver-core-4.4.2.jar:/home/claudio/.m2/repository/org/springframework/data/spring-data-mongodb/3.3.2/spring-data-mongodb-3.3.2.jar:/home/claudio/.m2/repository/org/springframework/spring-tx/5.3.16/spring-tx-5.3.16.jar:/home/claudio/.m2/repository/org/springframework/spring-context/5.3.16/spring-context-5.3.16.jar:/home/claudio/.m2/repository/org/springframework/spring-beans/5.3.16/spring-beans-5.3.16.jar:/home/claudio/.m2/repository/org/springframework/spring-expression/5.3.16/spring-expression-5.3.16.jar:/home/claudio/.m2/repository/org/springframework/data/spring-data-commons/2.6.2/spring-data-commons-2.6.2.jar:/home/claudio/.m2/repository/org/slf4j/slf4j-api/1.7.36/slf4j-api-1.7.36.jar:/home/claudio/.m2/repository/org/springdoc/springdoc-openapi-starter-webmvc-ui/2.3.0/springdoc-openapi-starter-webmvc-ui-2.3.0.jar:/home/claudio/.m2/repository/org/springdoc/springdoc-openapi-starter-webmvc-api/2.3.0/springdoc-openapi-starter-webmvc-api-2.3.0.jar:/home/claudio/.m2/repository/org/springdoc/springdoc-openapi-starter-common/2.3.0/springdoc-openapi-starter-common-2.3.0.jar:/home/claudio/.m2/repository/io/swagger/core/v3/swagger-core-jakarta/2.2.19/swagger-core-jakarta-2.2.19.jar:/home/claudio/.m2/repository/org/apache/commons/commons-lang3/3.12.0/commons-lang3-3.12.0.jar:/home/claudio/.m2/repository/io/swagger/core/v3/swagger-annotations-jakarta/2.2.19/swagger-annotations-jakarta-2.2.19.jar:/home/claudio/.m2/repository/io/swagger/core/v3/swagger-models-jakarta/2.2.19/swagger-models-jakarta-2.2.19.jar:/home/claudio/.m2/repository/jakarta/validation/jakarta.validation-api/2.0.2/jakarta.validation-api-2.0.2.jar:/home/claudio/.m2/repository/com/fasterxml/jackson/dataformat/jackson-dataformat-yaml/2.13.1/jackson-dataformat-yaml-2.13.1.jar:/home/claudio/.m2/repository/org/webjars/swagger-ui/5.10.3/swagger-ui-5.10.3.jar:/home/claudio/.m2/repository/org/springframework/boot/spring-boot-starter-thymeleaf/2.6.4/spring-boot-starter-thymeleaf-2.6.4.jar:/home/claudio/.m2/repository/org/thymeleaf/thymeleaf-spring5/3.0.15.RELEASE/thymeleaf-spring5-3.0.15.RELEASE.jar:/home/claudio/.m2/repository/org/thymeleaf/thymeleaf/3.0.15.RELEASE/thymeleaf-3.0.15.RELEASE.jar:/home/claudio/.m2/repository/org/attoparser/attoparser/2.0.5.RELEASE/attoparser-2.0.5.RELEASE.jar:/home/claudio/.m2/repository/org/unbescape/unbescape/1.1.6.RELEASE/unbescape-1.1.6.RELEASE.jar:/home/claudio/.m2/repository/org/thymeleaf/extras/thymeleaf-extras-java8time/3.0.4.RELEASE/thymeleaf-extras-java8time-3.0.4.RELEASE.jar:/home/claudio/.m2/repository/org/springframework/boot/spring-boot-starter-actuator/2.6.4/spring-boot-starter-actuator-2.6.4.jar:/home/claudio/.m2/repository/org/springframework/boot/spring-boot-actuator-autoconfigure/2.6.4/spring-boot-actuator-autoconfigure-2.6.4.jar:/home/claudio/.m2/repository/org/springframework/boot/spring-boot-actuator/2.6.4/spring-boot-actuator-2.6.4.jar:/home/claudio/.m2/repository/com/fasterxml/jackson/datatype/jackson-datatype-jsr310/2.13.1/jackson-datatype-jsr310-2.13.1.jar:/home/claudio/.m2/repository/io/micrometer/micrometer-core/1.8.3/micrometer-core-1.8.3.jar:/home/claudio/.m2/repository/org/hdrhistogram/HdrHistogram/2.1.12/HdrHistogram-2.1.12.jar:/home/claudio/.m2/repository/org/latencyutils/LatencyUtils/2.0.3/LatencyUtils-2.0.3.jar:/home/claudio/.m2/repository/org/springframework/boot/spring-boot-starter-web/2.6.4/spring-boot-starter-web-2.6.4.jar:/home/claudio/.m2/repository/org/springframework/boot/spring-boot-starter-json/2.6.4/spring-boot-starter-json-2.6.4.jar:/home/claudio/.m2/repository/com/fasterxml/jackson/datatype/jackson-datatype-jdk8/2.13.1/jackson-datatype-jdk8-2.13.1.jar:/home/claudio/.m2/repository/com/fasterxml/jackson/module/jackson-module-parameter-names/2.13.1/jackson-module-parameter-names-2.13.1.jar:/home/claudio/.m2/repository/org/springframework/boot/spring-boot-starter-tomcat/2.6.4/spring-boot-starter-tomcat-2.6.4.jar:/home/claudio/.m2/repository/org/apache/tomcat/embed/tomcat-embed-core/9.0.58/tomcat-embed-core-9.0.58.jar:/home/claudio/.m2/repository/org/apache/tomcat/embed/tomcat-embed-el/9.0.58/tomcat-embed-el-9.0.58.jar:/home/claudio/.m2/repository/org/apache/tomcat/embed/tomcat-embed-websocket/9.0.58/tomcat-embed-websocket-9.0.58.jar:/home/claudio/.m2/repository/org/springframework/spring-web/5.3.16/spring-web-5.3.16.jar:/home/claudio/.m2/repository/org/springframework/spring-webmvc/5.3.16/spring-webmvc-5.3.16.jar:/home/claudio/.m2/repository/com/auth0/java-jwt/4.4.0/java-jwt-4.4.0.jar:/home/claudio/.m2/repository/com/fasterxml/jackson/core/jackson-databind/2.13.1/jackson-databind-2.13.1.jar:/home/claudio/.m2/repository/com/fasterxml/jackson/core/jackson-annotations/2.13.1/jackson-annotations-2.13.1.jar:/home/claudio/.m2/repository/com/fasterxml/jackson/core/jackson-core/2.13.1/jackson-core-2.13.1.jar:/home/claudio/.m2/repository/org/springframework/boot/spring-boot-starter-security/3.2.8/spring-boot-starter-security-3.2.8.jar:/home/claudio/.m2/repository/org/springframework/spring-aop/5.3.16/spring-aop-5.3.16.jar:/home/claudio/.m2/repository/org/springframework/security/spring-security-config/5.6.2/spring-security-config-5.6.2.jar:/home/claudio/.m2/repository/org/springframework/security/spring-security-core/5.6.2/spring-security-core-5.6.2.jar:/home/claudio/.m2/repository/org/springframework/security/spring-security-crypto/5.6.2/spring-security-crypto-5.6.2.jar:/home/claudio/.m2/repository/org/springframework/security/spring-security-web/5.6.2/spring-security-web-5.6.2.jar:/home/claudio/.m2/repository/io/jsonwebtoken/jjwt-api/0.11.5/jjwt-api-0.11.5.jar:/home/claudio/.m2/repository/io/jsonwebtoken/jjwt-impl/0.11.5/jjwt-impl-0.11.5.jar:/home/claudio/.m2/repository/io/jsonwebtoken/jjwt-jackson/0.11.5/jjwt-jackson-0.11.5.jar:/home/claudio/.m2/repository/javax/xml/bind/jaxb-api/2.4.0-b180830.0359/jaxb-api-2.4.0-b180830.0359.jar:/home/claudio/.m2/repository/javax/activation/javax.activation-api/1.2.0/javax.activation-api-1.2.0.jar:/home/claudio/.m2/repository/org/springframework/boot/spring-boot-devtools/2.6.4/spring-boot-devtools-2.6.4.jar:/home/claudio/.m2/repository/org/springframework/boot/spring-boot/2.6.4/spring-boot-2.6.4.jar:/home/claudio/.m2/repository/org/springframework/boot/spring-boot-autoconfigure/2.6.4/spring-boot-autoconfigure-2.6.4.jar:/home/claudio/.m2/repository/org/projectlombok/lombok/1.18.22/lombok-1.18.22.jar:/home/claudio/.m2/repository/org/springframework/boot/spring-boot-starter-test/2.6.4/spring-boot-starter-test-2.6.4.jar:/home/claudio/.m2/repository/org/springframework/boot/spring-boot-test/2.6.4/spring-boot-test-2.6.4.jar:/home/claudio/.m2/repository/org/springframework/boot/spring-boot-test-autoconfigure/2.6.4/spring-boot-test-autoconfigure-2.6.4.jar:/home/claudio/.m2/repository/com/jayway/jsonpath/json-path/2.6.0/json-path-2.6.0.jar:/home/claudio/.m2/repository/net/minidev/json-smart/2.4.8/json-smart-2.4.8.jar:/home/claudio/.m2/repository/net/minidev/accessors-smart/2.4.8/accessors-smart-2.4.8.jar:/home/claudio/.m2/repository/org/ow2/asm/asm/9.1/asm-9.1.jar:/home/claudio/.m2/repository/jakarta/xml/bind/jakarta.xml.bind-api/2.3.3/jakarta.xml.bind-api-2.3.3.jar:/home/claudio/.m2/repository/jakarta/activation/jakarta.activation-api/1.2.2/jakarta.activation-api-1.2.2.jar:/home/claudio/.m2/repository/org/assertj/assertj-core/3.21.0/assertj-core-3.21.0.jar:/home/claudio/.m2/repository/org/hamcrest/hamcrest/2.2/hamcrest-2.2.jar:/home/claudio/.m2/repository/org/junit/jupiter/junit-jupiter/5.8.2/junit-jupiter-5.8.2.jar:/home/claudio/.m2/repository/org/junit/jupiter/junit-jupiter-api/5.8.2/junit-jupiter-api-5.8.2.jar:/home/claudio/.m2/repository/org/opentest4j/opentest4j/1.2.0/opentest4j-1.2.0.jar:/home/claudio/.m2/repository/org/junit/platform/junit-platform-commons/1.8.2/junit-platform-commons-1.8.2.jar:/home/claudio/.m2/repository/org/apiguardian/apiguardian-api/1.1.2/apiguardian-api-1.1.2.jar:/home/claudio/.m2/repository/org/junit/jupiter/junit-jupiter-params/5.8.2/junit-jupiter-params-5.8.2.jar:/home/claudio/.m2/repository/org/junit/jupiter/junit-jupiter-engine/5.8.2/junit-jupiter-engine-5.8.2.jar:/home/claudio/.m2/repository/org/junit/platform/junit-platform-engine/1.8.2/junit-platform-engine-1.8.2.jar:/home/claudio/.m2/repository/org/mockito/mockito-core/4.0.0/mockito-core-4.0.0.jar:/home/claudio/.m2/repository/net/bytebuddy/byte-buddy/1.11.22/byte-buddy-1.11.22.jar:/home/claudio/.m2/repository/net/bytebuddy/byte-buddy-agent/1.11.22/byte-buddy-agent-1.11.22.jar:/home/claudio/.m2/repository/org/objenesis/objenesis/3.2/objenesis-3.2.jar:/home/claudio/.m2/repository/org/mockito/mockito-junit-jupiter/4.0.0/mockito-junit-jupiter-4.0.0.jar:/home/claudio/.m2/repository/org/skyscreamer/jsonassert/1.5.0/jsonassert-1.5.0.jar:/home/claudio/.m2/repository/com/vaadin/external/google/android-json/0.0.20131108.vaadin1/android-json-0.0.20131108.vaadin1.jar:/home/claudio/.m2/repository/org/springframework/spring-core/5.3.16/spring-core-5.3.16.jar:/home/claudio/.m2/repository/org/springframework/spring-jcl/5.3.16/spring-jcl-5.3.16.jar:/home/claudio/.m2/repository/org/springframework/spring-test/5.3.16/spring-test-5.3.16.jar:/home/claudio/.m2/repository/org/xmlunit/xmlunit-core/2.8.4/xmlunit-core-2.8.4.jar:"/>
    <property name="sun.cpu.endian" value="little"/>
    <property name="user.home" value="/home/claudio"/>
    <property name="user.language" value="en"/>
    <property name="java.specification.vendor" value="Oracle Corporation"/>
    <property name="java.version.date" value="2023-04-18"/>
    <property name="java.home" value="/home/claudio/.jdks/openjdk-20.0.1"/>
    <property name="file.separator" value="/"/>
    <property name="basedir" value="/home/claudio/Desktop/PROYECTOS PERSONALES FULLSTACK/TICO NET GAMES APP/TicoNetGamesServer"/>
    <property name="java.vm.compressedOopsMode" value="Zero based"/>
    <property name="line.separator" value="&#10;"/>
    <property name="java.vm.specification.vendor" value="Oracle Corporation"/>
    <property name="java.specification.name" value="Java Platform API Specification"/>
    <property name="FILE_LOG_CHARSET" value="UTF-8"/>
    <property name="java.awt.headless" value="true"/>
    <property name="surefire.real.class.path" value="/home/claudio/Desktop/PROYECTOS PERSONALES FULLSTACK/TICO NET GAMES APP/TicoNetGamesServer/target/surefire/surefirebooter-20240903133639437_3.jar"/>
    <property name="sun.management.compiler" value="HotSpot 64-Bit Tiered Compilers"/>
    <property name="java.runtime.version" value="20.0.1+9-29"/>
    <property name="user.name" value="claudio"/>
    <property name="stdout.encoding" value="UTF-8"/>
    <property name="path.separator" value=":"/>
    <property name="os.version" value="6.8.0-40-generic"/>
    <property name="java.runtime.name" value="OpenJDK Runtime Environment"/>
    <property name="file.encoding" value="UTF-8"/>
    <property name="spring.beaninfo.ignore" value="true"/>
    <property name="java.vm.name" value="OpenJDK 64-Bit Server VM"/>
    <property name="localRepository" value="/home/claudio/.m2/repository"/>
    <property name="java.vendor.url.bug" value="https://bugreport.java.com/bugreport/"/>
    <property name="java.io.tmpdir" value="/tmp"/>
    <property name="idea.version" value="2024.2.1"/>
    <property name="java.version" value="20.0.1"/>
    <property name="user.dir" value="/home/claudio/Desktop/PROYECTOS PERSONALES FULLSTACK/TICO NET GAMES APP/TicoNetGamesServer"/>
    <property name="os.arch" value="amd64"/>
    <property name="java.vm.specification.name" value="Java Virtual Machine Specification"/>
    <property name="PID" value="15762"/>
    <property name="CONSOLE_LOG_CHARSET" value="UTF-8"/>
    <property name="native.encoding" value="UTF-8"/>
    <property name="java.library.path" value="/usr/java/packages/lib:/usr/lib64:/lib64:/lib:/usr/lib"/>
    <property name="java.vm.info" value="mixed mode, sharing"/>
    <property name="stderr.encoding" value="UTF-8"/>
    <property name="java.vendor" value="Oracle Corporation"/>
    <property name="java.vm.version" value="20.0.1+9-29"/>
    <property name="sun.io.unicode.encoding" value="UnicodeLittle"/>
    <property name="java.class.version" value="64.0"/>
  </properties>
  <testcase name="contextLoads" classname="com.example.ticonetgamesserver.TicoNetGamesServerApplicationTests" time="0.265">
    <system-out><![CDATA[13:36:40.277 [main] DEBUG org.springframework.test.context.BootstrapUtils - Instantiating CacheAwareContextLoaderDelegate from class [org.springframework.test.context.cache.DefaultCacheAwareContextLoaderDelegate]
13:36:40.302 [main] DEBUG org.springframework.test.context.BootstrapUtils - Instantiating BootstrapContext using constructor [public org.springframework.test.context.support.DefaultBootstrapContext(java.lang.Class,org.springframework.test.context.CacheAwareContextLoaderDelegate)]
13:36:40.336 [main] DEBUG org.springframework.test.context.BootstrapUtils - Instantiating TestContextBootstrapper for test class [com.example.ticonetgamesserver.TicoNetGamesServerApplicationTests] from class [org.springframework.boot.test.context.SpringBootTestContextBootstrapper]
13:36:40.383 [main] INFO org.springframework.boot.test.context.SpringBootTestContextBootstrapper - Neither @ContextConfiguration nor @ContextHierarchy found for test class [com.example.ticonetgamesserver.TicoNetGamesServerApplicationTests], using SpringBootContextLoader
13:36:40.392 [main] DEBUG org.springframework.test.context.support.AbstractContextLoader - Did not detect default resource location for test class [com.example.ticonetgamesserver.TicoNetGamesServerApplicationTests]: class path resource [com/example/ticonetgamesserver/TicoNetGamesServerApplicationTests-context.xml] does not exist
13:36:40.392 [main] DEBUG org.springframework.test.context.support.AbstractContextLoader - Did not detect default resource location for test class [com.example.ticonetgamesserver.TicoNetGamesServerApplicationTests]: class path resource [com/example/ticonetgamesserver/TicoNetGamesServerApplicationTestsContext.groovy] does not exist
13:36:40.392 [main] INFO org.springframework.test.context.support.AbstractContextLoader - Could not detect default resource locations for test class [com.example.ticonetgamesserver.TicoNetGamesServerApplicationTests]: no resource found for suffixes {-context.xml, Context.groovy}.
13:36:40.393 [main] INFO org.springframework.test.context.support.AnnotationConfigContextLoaderUtils - Could not detect default configuration classes for test class [com.example.ticonetgamesserver.TicoNetGamesServerApplicationTests]: TicoNetGamesServerApplicationTests does not declare any static, non-private, non-final, nested classes annotated with @Configuration.
13:36:40.484 [main] DEBUG org.springframework.test.context.support.ActiveProfilesUtils - Could not find an 'annotation declaring class' for annotation type [org.springframework.test.context.ActiveProfiles] and class [com.example.ticonetgamesserver.TicoNetGamesServerApplicationTests]
13:36:40.644 [main] DEBUG org.springframework.context.annotation.ClassPathScanningCandidateComponentProvider - Identified candidate component class: file [/home/claudio/Desktop/PROYECTOS PERSONALES FULLSTACK/TICO NET GAMES APP/TicoNetGamesServer/target/classes/com/example/ticonetgamesserver/TicoNetGamesServerApplication.class]
13:36:40.645 [main] INFO org.springframework.boot.test.context.SpringBootTestContextBootstrapper - Found @SpringBootConfiguration com.example.ticonetgamesserver.TicoNetGamesServerApplication for test class com.example.ticonetgamesserver.TicoNetGamesServerApplicationTests
13:36:40.810 [main] DEBUG org.springframework.boot.test.context.SpringBootTestContextBootstrapper - @TestExecutionListeners is not present for class [com.example.ticonetgamesserver.TicoNetGamesServerApplicationTests]: using defaults.
13:36:40.810 [main] INFO org.springframework.boot.test.context.SpringBootTestContextBootstrapper - Loaded default TestExecutionListener class names from location [META-INF/spring.factories]: [org.springframework.boot.test.mock.mockito.MockitoTestExecutionListener, org.springframework.boot.test.mock.mockito.ResetMocksTestExecutionListener, org.springframework.boot.test.autoconfigure.restdocs.RestDocsTestExecutionListener, org.springframework.boot.test.autoconfigure.web.client.MockRestServiceServerResetTestExecutionListener, org.springframework.boot.test.autoconfigure.web.servlet.MockMvcPrintOnlyOnFailureTestExecutionListener, org.springframework.boot.test.autoconfigure.web.servlet.WebDriverTestExecutionListener, org.springframework.boot.test.autoconfigure.webservices.client.MockWebServiceServerTestExecutionListener, org.springframework.test.context.web.ServletTestExecutionListener, org.springframework.test.context.support.DirtiesContextBeforeModesTestExecutionListener, org.springframework.test.context.event.ApplicationEventsTestExecutionListener, org.springframework.test.context.support.DependencyInjectionTestExecutionListener, org.springframework.test.context.support.DirtiesContextTestExecutionListener, org.springframework.test.context.transaction.TransactionalTestExecutionListener, org.springframework.test.context.jdbc.SqlScriptsTestExecutionListener, org.springframework.test.context.event.EventPublishingTestExecutionListener]
13:36:40.846 [main] INFO org.springframework.boot.test.context.SpringBootTestContextBootstrapper - Using TestExecutionListeners: [org.springframework.test.context.web.ServletTestExecutionListener@1fc32e4f, org.springframework.test.context.support.DirtiesContextBeforeModesTestExecutionListener@2f67b837, org.springframework.test.context.event.ApplicationEventsTestExecutionListener@1869fbd2, org.springframework.boot.test.mock.mockito.MockitoTestExecutionListener@6af9fcb2, org.springframework.boot.test.autoconfigure.SpringBootDependencyInjectionTestExecutionListener@6cce16f4, org.springframework.test.context.support.DirtiesContextTestExecutionListener@7efaad5a, org.springframework.test.context.transaction.TransactionalTestExecutionListener@291a7e3c, org.springframework.test.context.jdbc.SqlScriptsTestExecutionListener@ca30bc1, org.springframework.test.context.event.EventPublishingTestExecutionListener@1046d517, org.springframework.boot.test.mock.mockito.ResetMocksTestExecutionListener@3b7d3a38, org.springframework.boot.test.autoconfigure.restdocs.RestDocsTestExecutionListener@416c58f5, org.springframework.boot.test.autoconfigure.web.client.MockRestServiceServerResetTestExecutionListener@5505ae1a, org.springframework.boot.test.autoconfigure.web.servlet.MockMvcPrintOnlyOnFailureTestExecutionListener@73cd37c0, org.springframework.boot.test.autoconfigure.web.servlet.WebDriverTestExecutionListener@21337f7b, org.springframework.boot.test.autoconfigure.webservices.client.MockWebServiceServerTestExecutionListener@2bb3058]
13:36:40.850 [main] DEBUG org.springframework.test.context.support.AbstractDirtiesContextTestExecutionListener - Before test class: context [DefaultTestContext@3adcc812 testClass = TicoNetGamesServerApplicationTests, testInstance = [null], testMethod = [null], testException = [null], mergedContextConfiguration = [WebMergedContextConfiguration@35432107 testClass = TicoNetGamesServerApplicationTests, locations = '{}', classes = '{class com.example.ticonetgamesserver.TicoNetGamesServerApplication}', contextInitializerClasses = '[]', activeProfiles = '{}', propertySourceLocations = '{}', propertySourceProperties = '{org.springframework.boot.test.context.SpringBootTestContextBootstrapper=true}', contextCustomizers = set[org.springframework.boot.test.context.filter.ExcludeFilterContextCustomizer@47faa49c, org.springframework.boot.test.json.DuplicateJsonObjectContextCustomizerFactory$DuplicateJsonObjectContextCustomizer@6da21078, org.springframework.boot.test.mock.mockito.MockitoContextCustomizer@0, org.springframework.boot.test.web.client.TestRestTemplateContextCustomizer@18d87d80, org.springframework.boot.test.autoconfigure.actuate.metrics.MetricsExportContextCustomizerFactory$DisableMetricExportContextCustomizer@21e360a, org.springframework.boot.test.autoconfigure.properties.PropertyMappingContextCustomizer@0, org.springframework.boot.test.autoconfigure.web.servlet.WebDriverContextCustomizerFactory$Customizer@17497425, org.springframework.boot.test.context.SpringBootTestArgs@1, org.springframework.boot.test.context.SpringBootTestWebEnvironment@5ed828d], resourceBasePath = 'src/main/webapp', contextLoader = 'org.springframework.boot.test.context.SpringBootContextLoader', parent = [null]], attributes = map['org.springframework.test.context.web.ServletTestExecutionListener.activateListener' -> true]], class annotated with @DirtiesContext [false] with mode [null].

  .   ____          _            __ _ _
 /\\ / ___'_ __ _ _(_)_ __  __ _ \ \ \ \
( ( )\___ | '_ | '_| | '_ \/ _` | \ \ \ \
 \\/  ___)| |_)| | | | | || (_| |  ) ) ) )
  '  |____| .__|_| |_|_| |_\__, | / / / /
 =========|_|==============|___/=/_/_/_/
 :: Spring Boot ::                (v2.6.4)

2024-09-03 13:36:41.709  INFO 15762 --- [           main] c.e.t.TicoNetGamesServerApplicationTests : Starting TicoNetGamesServerApplicationTests using Java 20.0.1 on claudio-MS-7C51 with PID 15762 (started by claudio in /home/claudio/Desktop/PROYECTOS PERSONALES FULLSTACK/TICO NET GAMES APP/TicoNetGamesServer)
2024-09-03 13:36:41.709  INFO 15762 --- [           main] c.e.t.TicoNetGamesServerApplicationTests : No active profile set, falling back to 1 default profile: "default"
2024-09-03 13:36:42.778  INFO 15762 --- [           main] .s.d.r.c.RepositoryConfigurationDelegate : Bootstrapping Spring Data MongoDB repositories in DEFAULT mode.
2024-09-03 13:36:42.857  INFO 15762 --- [           main] .s.d.r.c.RepositoryConfigurationDelegate : Finished Spring Data repository scanning in 75 ms. Found 4 MongoDB repository interfaces.
2024-09-03 13:36:44.724  INFO 15762 --- [           main] org.mongodb.driver.cluster               : Cluster created with settings {hosts=[127.0.0.1:27017], srvHost=ticonetgamesdatabase.6rd1b.mongodb.net, mode=MULTIPLE, requiredClusterType=REPLICA_SET, serverSelectionTimeout='30000 ms', requiredReplicaSetName='atlas-uy1le8-shard-0'}
2024-09-03 13:36:44.755  INFO 15762 --- [d1b.mongodb.net] org.mongodb.driver.cluster               : Adding discovered server ticonetgamesdatabase-shard-00-00.6rd1b.mongodb.net:27017 to client view of cluster
2024-09-03 13:36:44.866  INFO 15762 --- [d1b.mongodb.net] org.mongodb.driver.cluster               : Adding discovered server ticonetgamesdatabase-shard-00-01.6rd1b.mongodb.net:27017 to client view of cluster
2024-09-03 13:36:44.868  INFO 15762 --- [d1b.mongodb.net] org.mongodb.driver.cluster               : Adding discovered server ticonetgamesdatabase-shard-00-02.6rd1b.mongodb.net:27017 to client view of cluster
2024-09-03 13:36:45.712  INFO 15762 --- [           main] .s.s.UserDetailsServiceAutoConfiguration : 

Using generated security password: 8a9a3212-ff92-4692-87c4-1ebeabbe7783

2024-09-03 13:36:45.976  INFO 15762 --- [           main] o.s.s.web.DefaultSecurityFilterChain     : Will not secure any request
2024-09-03 13:36:46.362  INFO 15762 --- [ngodb.net:27017] org.mongodb.driver.connection            : Opened connection [connectionId{localValue:1, serverValue:35924}] to ticonetgamesdatabase-shard-00-00.6rd1b.mongodb.net:27017
2024-09-03 13:36:46.362  INFO 15762 --- [ngodb.net:27017] org.mongodb.driver.connection            : Opened connection [connectionId{localValue:5, serverValue:35147}] to ticonetgamesdatabase-shard-00-01.6rd1b.mongodb.net:27017
2024-09-03 13:36:46.362  INFO 15762 --- [ngodb.net:27017] org.mongodb.driver.connection            : Opened connection [connectionId{localValue:3, serverValue:35143}] to ticonetgamesdatabase-shard-00-01.6rd1b.mongodb.net:27017
2024-09-03 13:36:46.362  INFO 15762 --- [ngodb.net:27017] org.mongodb.driver.connection            : Opened connection [connectionId{localValue:2, serverValue:35924}] to ticonetgamesdatabase-shard-00-00.6rd1b.mongodb.net:27017
2024-09-03 13:36:46.362  INFO 15762 --- [ngodb.net:27017] org.mongodb.driver.connection            : Opened connection [connectionId{localValue:4, serverValue:38725}] to ticonetgamesdatabase-shard-00-02.6rd1b.mongodb.net:27017
2024-09-03 13:36:46.362  INFO 15762 --- [ngodb.net:27017] org.mongodb.driver.connection            : Opened connection [connectionId{localValue:6, serverValue:38409}] to ticonetgamesdatabase-shard-00-02.6rd1b.mongodb.net:27017
2024-09-03 13:36:46.379  INFO 15762 --- [ngodb.net:27017] org.mongodb.driver.cluster               : Monitor thread successfully connected to server with description ServerDescription{address=ticonetgamesdatabase-shard-00-01.6rd1b.mongodb.net:27017, type=REPLICA_SET_SECONDARY, state=CONNECTED, ok=true, minWireVersion=0, maxWireVersion=21, maxDocumentSize=16777216, logicalSessionTimeoutMinutes=30, roundTripTimeNanos=612457227, setName='atlas-uy1le8-shard-0', canonicalAddress=ticonetgamesdatabase-shard-00-01.6rd1b.mongodb.net:27017, hosts=[ticonetgamesdatabase-shard-00-01.6rd1b.mongodb.net:27017, ticonetgamesdatabase-shard-00-00.6rd1b.mongodb.net:27017, ticonetgamesdatabase-shard-00-02.6rd1b.mongodb.net:27017], passives=[], arbiters=[], primary='ticonetgamesdatabase-shard-00-02.6rd1b.mongodb.net:27017', tagSet=TagSet{[Tag{name='availabilityZone', value='use1-az4'}, Tag{name='diskState', value='READY'}, Tag{name='nodeType', value='ELECTABLE'}, Tag{name='provider', value='AWS'}, Tag{name='region', value='US_EAST_1'}, Tag{name='workloadType', value='OPERATIONAL'}]}, electionId=null, setVersion=171, topologyVersion=TopologyVersion{processId=66d5dd3df88916ffb0e98fce, counter=3}, lastWriteDate=Tue Sep 03 13:36:46 CST 2024, lastUpdateTimeNanos=8408381233979}
2024-09-03 13:36:46.379  INFO 15762 --- [ngodb.net:27017] org.mongodb.driver.cluster               : Monitor thread successfully connected to server with description ServerDescription{address=ticonetgamesdatabase-shard-00-00.6rd1b.mongodb.net:27017, type=REPLICA_SET_SECONDARY, state=CONNECTED, ok=true, minWireVersion=0, maxWireVersion=21, maxDocumentSize=16777216, logicalSessionTimeoutMinutes=30, roundTripTimeNanos=612574563, setName='atlas-uy1le8-shard-0', canonicalAddress=ticonetgamesdatabase-shard-00-00.6rd1b.mongodb.net:27017, hosts=[ticonetgamesdatabase-shard-00-01.6rd1b.mongodb.net:27017, ticonetgamesdatabase-shard-00-00.6rd1b.mongodb.net:27017, ticonetgamesdatabase-shard-00-02.6rd1b.mongodb.net:27017], passives=[], arbiters=[], primary='ticonetgamesdatabase-shard-00-02.6rd1b.mongodb.net:27017', tagSet=TagSet{[Tag{name='availabilityZone', value='use1-az2'}, Tag{name='diskState', value='READY'}, Tag{name='nodeType', value='ELECTABLE'}, Tag{name='provider', value='AWS'}, Tag{name='region', value='US_EAST_1'}, Tag{name='workloadType', value='OPERATIONAL'}]}, electionId=null, setVersion=171, topologyVersion=TopologyVersion{processId=66d5dc25c681997fe0ec4f5e, counter=4}, lastWriteDate=Tue Sep 03 13:36:46 CST 2024, lastUpdateTimeNanos=8408381233979}
2024-09-03 13:36:46.379  INFO 15762 --- [ngodb.net:27017] org.mongodb.driver.cluster               : Monitor thread successfully connected to server with description ServerDescription{address=ticonetgamesdatabase-shard-00-02.6rd1b.mongodb.net:27017, type=REPLICA_SET_PRIMARY, state=CONNECTED, ok=true, minWireVersion=0, maxWireVersion=21, maxDocumentSize=16777216, logicalSessionTimeoutMinutes=30, roundTripTimeNanos=610737695, setName='atlas-uy1le8-shard-0', canonicalAddress=ticonetgamesdatabase-shard-00-02.6rd1b.mongodb.net:27017, hosts=[ticonetgamesdatabase-shard-00-01.6rd1b.mongodb.net:27017, ticonetgamesdatabase-shard-00-00.6rd1b.mongodb.net:27017, ticonetgamesdatabase-shard-00-02.6rd1b.mongodb.net:27017], passives=[], arbiters=[], primary='ticonetgamesdatabase-shard-00-02.6rd1b.mongodb.net:27017', tagSet=TagSet{[Tag{name='availabilityZone', value='use1-az6'}, Tag{name='diskState', value='READY'}, Tag{name='nodeType', value='ELECTABLE'}, Tag{name='provider', value='AWS'}, Tag{name='region', value='US_EAST_1'}, Tag{name='workloadType', value='OPERATIONAL'}]}, electionId=7fffffff0000000000000191, setVersion=171, topologyVersion=TopologyVersion{processId=66d5db3e066d80b3537bb6eb, counter=6}, lastWriteDate=Tue Sep 03 13:36:46 CST 2024, lastUpdateTimeNanos=8408381233979}
2024-09-03 13:36:46.383  INFO 15762 --- [ngodb.net:27017] org.mongodb.driver.cluster               : Setting max election id to 7fffffff0000000000000191 from replica set primary ticonetgamesdatabase-shard-00-02.6rd1b.mongodb.net:27017
2024-09-03 13:36:46.383  INFO 15762 --- [ngodb.net:27017] org.mongodb.driver.cluster               : Setting max set version to 171 from replica set primary ticonetgamesdatabase-shard-00-02.6rd1b.mongodb.net:27017
2024-09-03 13:36:46.383  INFO 15762 --- [ngodb.net:27017] org.mongodb.driver.cluster               : Discovered replica set primary ticonetgamesdatabase-shard-00-02.6rd1b.mongodb.net:27017
2024-09-03 13:36:46.571  INFO 15762 --- [           main] o.s.b.a.w.s.WelcomePageHandlerMapping    : Adding welcome page template: index
2024-09-03 13:36:46.898  INFO 15762 --- [           main] o.s.b.a.e.web.EndpointLinksResolver      : Exposing 1 endpoint(s) beneath base path '/actuator'
2024-09-03 13:36:46.936  INFO 15762 --- [           main] c.e.t.TicoNetGamesServerApplicationTests : Started TicoNetGamesServerApplicationTests in 6.036 seconds (JVM running for 7.44)
]]></system-out>
  </testcase>
</testsuite>